[2025-06-07 16:58:04.495821] Signed: aa.pdf
[2025-06-07 17:06:57.071481] Signed: aa.pdf
[2025-06-07 17:09:45.191243] Signed: aa.pdf
[2025-06-07 18:20:13.701619] Signed: aa.pdf
[2025-06-07 18:20:13.789682] Signed: important appointment 2019.pdf
[2025-06-07 18:59:36.287834] Signed: important appointment 2019.pdf
[2025-06-07 19:00:56.780829] Signed: gate syll.pdf
[2025-06-07 19:01:32.401898] Signed: gate syll.pdf
[2025-06-07 19:01:32.471581] Signed: important appointment 2019.pdf
[2025-06-07 19:08:12.274347] Signed: Computer Science and Applications_English Only net.pdf
[2025-06-07 22:25:45.083473] Signed: Computer Science and Applications_English Only net.pdf
[2025-06-07 22:25:45.145634] Signed: gate syll.pdf
[2025-06-07 22:25:45.317283] Signed: important appointment 2019.pdf
[2025-06-07 22:32:59.515888] Signed: Computer Science and Applications_English Only net.pdf
[2025-06-07 22:32:59.565257] Signed: gate syll.pdf
[2025-06-07 22:32:59.610492] Signed: important appointment 2019.pdf
[2025-06-07 22:33:30.830322] Signed: Computer Science and Applications_English Only net.pdf
[2025-06-07 22:33:30.938138] Signed: gate syll.pdf
[2025-06-07 22:33:30.998607] Signed: important appointment 2019.pdf
[2025-06-07 22:33:48.050397] Signed: Computer Science and Applications_English Only net.pdf
[2025-06-07 22:33:48.080548] Signed: gate syll.pdf
[2025-06-07 22:33:48.103451] Signed: important appointment 2019.pdf
[2025-06-07 22:34:24.663961] Signed: 13.pdf
[2025-06-07 22:34:49.146755] Signed: 13.pdf
[2025-06-07 22:34:49.197254] Signed: Computer Science and Applications_English Only net.pdf
[2025-06-07 22:34:49.219561] Signed: gate syll.pdf
[2025-06-07 22:34:49.245141] Signed: important appointment 2019.pdf
[2025-06-07 22:37:29.431647] Signed: 13.pdf
[2025-06-07 22:37:29.490326] Signed: Computer Science and Applications_English Only net.pdf
[2025-06-07 22:37:29.513727] Signed: gate syll.pdf
[2025-06-07 22:37:29.540349] Signed: important appointment 2019.pdf
[2025-06-07 22:41:14.878286] Signed: 13.pdf
[2025-06-07 22:41:14.961695] Signed: Computer Science and Applications_English Only net.pdf
[2025-06-07 22:41:15.070218] Signed: gate syll.pdf
[2025-06-07 22:41:15.114607] Signed: important appointment 2019.pdf
[2025-06-07 22:46:01.319978] Signed: 13.pdf
[2025-06-07 22:46:01.361663] Signed: Computer Science and Applications_English Only net.pdf
[2025-06-07 22:46:01.389566] Signed: gate syll.pdf
[2025-06-07 22:46:01.415154] Signed: important appointment 2019.pdf
[2025-06-11 15:47:35.612864] Signed: gate syll.pdf
2025-06-11 16:21:31.247249 - Signed input_docs\tt for cdac.pdf -> signed_docs\signed_tt for cdac.pdf
2025-06-11 16:24:28.553281 - Signed input_docs\tt for cdac.pdf -> signed_docs\signed_tt for cdac.pdf
2025-06-11 22:42:12.068264 - Signed input_docs\Computer Science and Applications_English Only net.pdf -> signed_docs\signed_Computer Science and Applications_English Only net.pdf
